<?xml version="1.0" encoding="utf-8"?><testsuites name="pytest tests"><testsuite name="pytest" errors="0" failures="0" skipped="0" tests="7" time="16.114" timestamp="2026-05-07T06:39:50.759527+00:00" hostname="agent-env-946863eb-b1e1-42dd-80fe-c19a79d552d8"><testcase classname="backend.tests.test_chat" name="test_chat_live_per_project[MMRDA-2026-0142-What is the outstanding mortgage amount on this parcel?]" time="4.558" /><testcase classname="backend.tests.test_chat" name="test_chat_live_per_project[MMRDA-2026-0098-Is the title clear and what is the confidence?]" time="5.069" /><testcase classname="backend.tests.test_chat" name="test_chat_live_per_project[MMRDA-2026-0117-Why is the title disputed?]" time="6.071" /><testcase classname="backend.tests.test_chat" name="test_chat_unknown_project_id" time="0.069" /><testcase classname="backend.tests.test_chat" name="test_chat_empty_message" time="0.062" /><testcase classname="backend.tests.test_chat" name="test_chat_missing_fields" time="0.063" /><testcase classname="backend.tests.test_chat" name="test_root_api" time="0.063" /></testsuite></testsuites>